# JRE version: Java(TM) SE Runtime Environment (8.0_161-b12) (build 1.8.0_161-b12)
# Java VM: Java HotSpot(TM) 64-Bit Server VM (25.161-b12 mixed mode bsd-amd64 compressed oops)
Heap:
 PSYoungGen      total 512000K, used 13181K [0x000000076ab00000, 0x000000078b600000, 0x00000007c0000000)
  eden space 499712K, 2% used [0x000000076ab00000,0x000000076b7df730,0x0000000789300000)
  from space 12288K, 0% used [0x000000078a980000,0x000000078a980000,0x000000078b580000)
  to   space 512K, 0% used [0x000000078b580000,0x000000078b580000,0x000000078b600000)
 ParOldGen       total 88576K, used 8580K [0x00000006c0000000, 0x00000006c5680000, 0x000000076ab00000)
  object space 88576K, 9% used [0x00000006c0000000,0x00000006c0861190,0x00000006c5680000)
 Metaspace       used 20794K, capacity 21180K, committed 21504K, reserved 1069056K
  class space    used 2626K, capacity 2736K, committed 2816K, reserved 1048576K
GC Heap History (10 events):
Event: 20.035 GC heap before
{Heap before GC invocations=6 (full 0):
 PSYoungGen      total 141824K, used 134398K [0x000000076ab00000, 0x000000077bf00000, 0x00000007c0000000)
  eden space 131072K, 95% used [0x000000076ab00000,0x00000007724f79f0,0x0000000772b00000)
  from space 10752K, 88% used [0x0000000772b00000,0x0000000773447e80,0x0000000773580000)
  to   space 10240K, 0% used [0x000000077b500000,0x000000077b500000,0x000000077bf00000)
 ParOldGen       total 175104K, used 36348K [0x00000006c0000000, 0x00000006cab00000, 0x000000076ab00000)
  object space 175104K, 20% used [0x00000006c0000000,0x00000006c237f050,0x00000006cab00000)
 Metaspace       used 17528K, capacity 17948K, committed 18304K, reserved 1064960K
  class space    used 2187K, capacity 2306K, committed 2432K, reserved 1048576K
Event: 20.041 GC heap after
Heap after GC invocations=6 (full 0):
 PSYoungGen      total 271872K, used 8150K [0x000000076ab00000, 0x000000077c000000, 0x00000007c0000000)
  eden space 261632K, 0% used [0x000000076ab00000,0x000000076ab00000,0x000000077aa80000)
  from space 10240K, 79% used [0x000000077b500000,0x000000077bcf58f8,0x000000077bf00000)
  to   space 10752K, 0% used [0x000000077aa80000,0x000000077aa80000,0x000000077b500000)
 ParOldGen       total 175104K, used 36356K [0x00000006c0000000, 0x00000006cab00000, 0x000000076ab00000)
  object space 175104K, 20% used [0x00000006c0000000,0x00000006c2381050,0x00000006cab00000)
 Metaspace       used 17528K, capacity 17948K, committed 18304K, reserved 1064960K
  class space    used 2187K, capacity 2306K, committed 2432K, reserved 1048576K
}
Event: 88.186 GC heap before
{Heap before GC invocations=7 (full 0):
 PSYoungGen      total 271872K, used 269782K [0x000000076ab00000, 0x000000077c000000, 0x00000007c0000000)
  eden space 261632K, 100% used [0x000000076ab00000,0x000000077aa80000,0x000000077aa80000)
  from space 10240K, 79% used [0x000000077b500000,0x000000077bcf58f8,0x000000077bf00000)
  to   space 10752K, 0% used [0x000000077aa80000,0x000000077aa80000,0x000000077b500000)
 ParOldGen       total 175104K, used 36356K [0x00000006c0000000, 0x00000006cab00000, 0x000000076ab00000)
  object space 175104K, 20% used [0x00000006c0000000,0x00000006c2381050,0x00000006cab00000)
 Metaspace       used 17979K, capacity 18456K, committed 18560K, reserved 1064960K
  class space    used 2251K, capacity 2386K, committed 2432K, reserved 1048576K
Event: 88.196 GC heap after
Heap after GC invocations=7 (full 0):
 PSYoungGen      total 272384K, used 3109K [0x000000076ab00000, 0x000000078c100000, 0x00000007c0000000)
  eden space 261632K, 0% used [0x000000076ab00000,0x000000076ab00000,0x000000077aa80000)
  from space 10752K, 28% used [0x000000077aa80000,0x000000077ad89608,0x000000077b500000)
  to   space 11776K, 0% used [0x000000078b580000,0x000000078b580000,0x000000078c100000)
 ParOldGen       total 175104K, used 41291K [0x00000006c0000000, 0x00000006cab00000, 0x000000076ab00000)
  object space 175104K, 23% used [0x00000006c0000000,0x00000006c2852c00,0x00000006cab00000)
 Metaspace       used 17979K, capacity 18456K, committed 18560K, reserved 1064960K
  class space    used 2251K, capacity 2386K, committed 2432K, reserved 1048576K
}
Event: 113.022 GC heap before
{Heap before GC invocations=8 (full 0):
 PSYoungGen      total 272384K, used 261684K [0x000000076ab00000, 0x000000078c100000, 0x00000007c0000000)
  eden space 261632K, 98% used [0x000000076ab00000,0x000000077a783ad8,0x000000077aa80000)
  from space 10752K, 28% used [0x000000077aa80000,0x000000077ad89608,0x000000077b500000)
  to   space 11776K, 0% used [0x000000078b580000,0x000000078b580000,0x000000078c100000)
 ParOldGen       total 175104K, used 41291K [0x00000006c0000000, 0x00000006cab00000, 0x000000076ab00000)
  object space 175104K, 23% used [0x00000006c0000000,0x00000006c2852c00,0x00000006cab00000)
 Metaspace       used 18031K, capacity 18526K, committed 18816K, reserved 1064960K
  class space    used 2252K, capacity 2387K, committed 2432K, reserved 1048576K
Event: 113.030 GC heap after
Heap after GC invocations=8 (full 0):
 PSYoungGen      total 534528K, used 10073K [0x000000076ab00000, 0x000000078c200000, 0x00000007c0000000)
  eden space 522752K, 0% used [0x000000076ab00000,0x000000076ab00000,0x000000078a980000)
  from space 11776K, 85% used [0x000000078b580000,0x000000078bf56450,0x000000078c100000)
  to   space 12288K, 0% used [0x000000078a980000,0x000000078a980000,0x000000078b580000)
 ParOldGen       total 175104K, used 46199K [0x00000006c0000000, 0x00000006cab00000, 0x000000076ab00000)
  object space 175104K, 26% used [0x00000006c0000000,0x00000006c2d1de28,0x00000006cab00000)
 Metaspace       used 18031K, capacity 18526K, committed 18816K, reserved 1064960K
  class space    used 2252K, capacity 2387K, committed 2432K, reserved 1048576K
}
Event: 7623.114 GC heap before
{Heap before GC invocations=9 (full 0):
 PSYoungGen      total 534528K, used 378773K [0x000000076ab00000, 0x000000078c200000, 0x00000007c0000000)
  eden space 522752K, 70% used [0x000000076ab00000,0x000000078130f340,0x000000078a980000)
  from space 11776K, 85% used [0x000000078b580000,0x000000078bf56450,0x000000078c100000)
  to   space 12288K, 0% used [0x000000078a980000,0x000000078a980000,0x000000078b580000)
 ParOldGen       total 175104K, used 46199K [0x00000006c0000000, 0x00000006cab00000, 0x000000076ab00000)
  object space 175104K, 26% used [0x00000006c0000000,0x00000006c2d1de28,0x00000006cab00000)
 Metaspace       used 20620K, capacity 21044K, committed 21248K, reserved 1067008K
  class space    used 2594K, capacity 2712K, committed 2816K, reserved 1048576K
Event: 7623.123 GC heap after
Heap after GC invocations=9 (full 0):
 PSYoungGen      total 512000K, used 12285K [0x000000076ab00000, 0x000000078b600000, 0x00000007c0000000)
  eden space 499712K, 0% used [0x000000076ab00000,0x000000076ab00000,0x0000000789300000)
  from space 12288K, 99% used [0x000000078a980000,0x000000078b57f468,0x000000078b580000)
  to   space 512K, 0% used [0x000000078b580000,0x000000078b580000,0x000000078b600000)
 ParOldGen       total 175104K, used 56081K [0x00000006c0000000, 0x00000006cab00000, 0x000000076ab00000)
  object space 175104K, 32% used [0x00000006c0000000,0x00000006c36c4550,0x00000006cab00000)
 Metaspace       used 20620K, capacity 21044K, committed 21248K, reserved 1067008K
  class space    used 2594K, capacity 2712K, committed 2816K, reserved 1048576K
}
Event: 7623.123 GC heap before
{Heap before GC invocations=10 (full 1):
 PSYoungGen      total 512000K, used 12285K [0x000000076ab00000, 0x000000078b600000, 0x00000007c0000000)
  eden space 499712K, 0% used [0x000000076ab00000,0x000000076ab00000,0x0000000789300000)
  from space 12288K, 99% used [0x000000078a980000,0x000000078b57f468,0x000000078b580000)
  to   space 512K, 0% used [0x000000078b580000,0x000000078b580000,0x000000078b600000)
 ParOldGen       total 175104K, used 56081K [0x00000006c0000000, 0x00000006cab00000, 0x000000076ab00000)
  object space 175104K, 32% used [0x00000006c0000000,0x00000006c36c4550,0x00000006cab00000)
 Metaspace       used 20620K, capacity 21044K, committed 21248K, reserved 1067008K
  class space    used 2594K, capacity 2712K, committed 2816K, reserved 1048576K
Event: 7623.154 GC heap after
Heap after GC invocations=10 (full 1):
 PSYoungGen      total 512000K, used 0K [0x000000076ab00000, 0x000000078b600000, 0x00000007c0000000)
  eden space 499712K, 0% used [0x000000076ab00000,0x000000076ab00000,0x0000000789300000)
  from space 12288K, 0% used [0x000000078a980000,0x000000078a980000,0x000000078b580000)
  to   space 512K, 0% used [0x000000078b580000,0x000000078b580000,0x000000078b600000)
 ParOldGen       total 88576K, used 8580K [0x00000006c0000000, 0x00000006c5680000, 0x000000076ab00000)
  object space 88576K, 9% used [0x00000006c0000000,0x00000006c0861190,0x00000006c5680000)
 Metaspace       used 20603K, capacity 21014K, committed 21248K, reserved 1067008K
  class space    used 2589K, capacity 2703K, committed 2816K, reserved 1048576K
}

